2022-04-26 11:59:20 [ThreadId 15] ERROR phoityne - ghci launch error. <file descriptor: 69>: hPutChar: resource vanished (Broken pipe)

2022-04-26 11:59:20 [ThreadId 15] ERROR phoityne - [disconnectRequestHandler] ghci not started.
2022-04-26 11:59:34 [ThreadId 15] ERROR phoityne - ghci launch error. <file descriptor: 69>: hPutChar: resource vanished (Broken pipe)

2022-04-26 11:59:34 [ThreadId 15] ERROR phoityne - [disconnectRequestHandler] ghci not started.
2022-04-26 12:08:54 [ThreadId 15] ERROR phoityne - "error: Variable not in scope: body"
2022-04-26 12:09:00 [ThreadId 15] ERROR phoityne - "error: Variable not in scope: def"
2022-04-26 12:09:04 [ThreadId 15] ERROR phoityne - "error: Variable not in scope: def"
2022-04-26 12:09:10 [ThreadId 15] ERROR phoityne - "error: \8226 Variable not in scope: isMain \8226 Perhaps you meant data constructor \8216IsMain\8217 (imported from Agda.Compiler.Backend)"
2022-04-26 12:09:13 [ThreadId 15] ERROR phoityne - "error: Variable not in scope: opts"
2022-04-26 12:09:17 [ThreadId 15] ERROR phoityne - "error: Variable not in scope: def"
2022-04-26 12:09:59 [ThreadId 15] ERROR phoityne - "error: Variable not in scope: body"
2022-04-26 14:57:19 [ThreadId 15] ERROR phoityne - "error: Variable not in scope: body"
2022-04-26 14:57:29 [ThreadId 15] ERROR phoityne - "error: Variable not in scope: body"
2022-04-26 14:59:36 [ThreadId 15] ERROR phoityne - "\"extractSourcePosition\" (line 2, column 6):\nunexpected end of input\nexpecting \"Stopped at \" or \"Stopped in \" [INPUT]*** Exception: ExitSuccess\nH>>= "
2022-04-28 12:40:31 [ThreadId 15] ERROR phoityne - "error: Variable not in scope: d"
2022-04-28 12:42:43 [ThreadId 15] ERROR phoityne - "\"extractSourcePosition\" (line 2, column 6):\nunexpected end of input\nexpecting \"Stopped at \" or \"Stopped in \" [INPUT]*** Exception: Prelude.!!: index too large\nH>>= "
2022-04-28 12:43:35 [ThreadId 15] ERROR phoityne - "\"extractSourcePosition\" (line 2, column 6):\nunexpected end of input\nexpecting \"Stopped at \" or \"Stopped in \" [INPUT]*** Exception: Prelude.!!: index too large\nH>>= "
2022-04-28 12:57:20 [ThreadId 15] ERROR phoityne - "error: Variable not in scope: firstDefName"
2022-04-28 12:57:23 [ThreadId 15] ERROR phoityne - "error: Variable not in scope: firstDefName"
2022-04-28 13:49:11 [ThreadId 15] ERROR phoityne - "error: Variable not in scope: firstDefName"
2022-04-28 13:49:18 [ThreadId 15] ERROR phoityne - "error: Variable not in scope: firstDefName"
2022-04-28 13:49:36 [ThreadId 15] ERROR phoityne - "error: Variable not in scope: firstDefName"
2022-04-28 13:49:42 [ThreadId 15] ERROR phoityne - "error: Variable not in scope: firstDefName"
2022-04-28 13:50:59 [ThreadId 15] ERROR phoityne - "error: Variable not in scope: ruleName"
2022-04-28 13:51:00 [ThreadId 15] ERROR phoityne - "error: Variable not in scope: ruleName"
2022-04-28 13:51:35 [ThreadId 15] ERROR phoityne - "error: Variable not in scope: args'"
2022-04-28 13:51:35 [ThreadId 15] ERROR phoityne - "error: Variable not in scope: f'"
